0 100 0
1000 100 0
2000 100 0
3000 100 0
4000 95 0
5000 86 0
6000 73 0
7000 59 0
8000 45 0
9000 34 0
10000 25 0
11000 19 0
12000 15 0
13000 11 0
14000 9 1
15000 6 1
16000 5 1
17000 3 0
18000 1 0
19000 1 1
20000 0 1
21000 0 0
22000 0 0
23000 0 0
24000 0 0
25000 0 0
26000 0 0
27000 0 0
28000 0 0
29000 0 0
30000 0 0
31000 0 0
32000 0 0
33000 0 0
34000 0 0
35000 0 0
36000 0 0
37000 0 0
38000 0 0
39000 0 0
40000 0 0
41000 0 0
42000 0 0
43000 0 0
44000 0 0
45000 0 0
46000 0 0
47000 0 0
48000 0 0
49000 0 0
50000 0 0
51000 0 0
52000 0 0
53000 0 0
54000 0 0
55000 0 1
56000 0 1
57000 0 2
58000 0 2
59000 0 2
60000 0 3
61000 0 3
62000 0 3
63000 0 4
64000 0 4
65000 0 5
66000 0 5
67000 0 6
68000 0 6
69000 0 7
70000 0 7
71000 0 7
72000 0 7
73000 0 8
74000 0 8
75000 0 9
76000 0 9
77000 0 9
78000 0 10
79000 0 10
80000 0 9
81000 0 10
82000 0 11
83000 0 11
84000 0 12
85000 0 12
86000 0 12
87000 0 12
88000 0 13
89000 0 13
90000 0 14
91000 0 14
92000 0 14
93000 0 15
94000 0 15
95000 0 15
96000 0 16
97000 0 16
98000 0 17
99000 0 16
100000 0 16
101000 0 17
102000 0 17
103000 0 17
104000 0 18
105000 0 18
106000 0 18
107000 0 19
108000 0 19
109000 0 19
110000 0 19
111000 0 20
112000 0 20
113000 0 21
114000 0 21
115000 0 21
116000 0 20
117000 0 20
118000 0 20
119000 0 21
120000 0 22
121000 0 22
122000 0 22
123000 0 23
124000 0 23
125000 0 23
126000 0 24
127000 0 23
128000 0 24
129000 0 24
130000 0 23
131000 0 24
132000 0 24
133000 0 25
134000 0 25
135000 0 24
136000 0 25
137000 0 25
138000 0 25
139000 0 24
140000 0 25
141000 0 26
142000 0 27
143000 0 27
144000 0 26
145000 0 27
146000 0 27
147000 0 28
148000 0 28
149000 0 29
150000 0 29
151000 0 29
152000 0 29
153000 0 29
154000 0 30
155000 0 30
156000 0 29
157000 0 29
158000 0 30
159000 0 29.8368
160000 0 30
161000 0 31
162000 0 30
163000 0 30
164000 0 30
165000 0 31
166000 0 31
167000 0 32
168000 0 31
169000 0 31.9372
170000 0 32
171000 0 33.6429
172000 0 34
173000 0 33
174000 0 32
175000 0 32
176000 0 32
177000 0 31
178000 0 31
179000 0 31
180000 0 32
181000 0 32
182000 0 33
183000 0 33
184000 0 33
185000 0 32
186000 0 32.3456
187000 0 33
188000 0 33
189000 0 32
190000 0 32
191000 0 33
192000 0 33
193000 0 33
194000 0 32
195000 0 32
196000 0 33
197000 0 33
198000 0 33
199000 0 34
200000 0 34
201000 0 35
202000 0 36
203000 0 35
204000 0 35
205000 0 36
206000 0 37
207000 0 37
208000 0 36
209000 0 36
210000 0 35
211000 0 35
212000 0 36
213000 0 36
214000 0 36
215000 0 37
216000 0 36
217000 0 36
218000 0 38
219000 0 38
220000 0 38
221000 0 39
222000 0 39
223000 0 39
224000 0 40
225000 0 39
226000 0 40
227000 0 41
228000 0 41
229000 0 40
230000 0 40
231000 0 41
232000 0 42
233000 0 42
234000 0 42
235000 0 42
236000 0 43
237000 0 44
238000 0 44
239000 0 45
240000 0 46
241000 0 46
242000 0 47
243000 0 48
244000 0 48
245000 0 49
246000 0 49
247000 0 50
248000 0 50
249000 0 49
250000 0 50
251000 0 52
252000 0 53
253000 0 55
254000 0 56
255000 0 57
256000 0 58
257000 0 59
258000 0 61
259000 0 62
260000 0 64
261000 0 66
262000 0 68
263000 0 70
264000 0 72
265000 0 76
266000 0 79
267000 0 82
268000 0 85
269000 0 89
270000 0 92
271000 0 94
272000 0 96
273000 0 98
274000 0 99
275000 0 100
